0 info it worked if it ends with ok
1 verbose cli [ '/home/raziel/.nvm/versions/node/v4.0.0/bin/node',
1 verbose cli   '/home/raziel/.nvm/versions/node/v4.0.0/bin/npm',
1 verbose cli   'install' ]
2 info using npm@3.3.8
3 info using node@v4.0.0
4 silly loadCurrentTree Starting
5 silly install loadCurrentTree
6 silly install readLocalPackageData
7 silly install normalizeTree
8 silly loadCurrentTree Finishing
9 silly loadIdealTree Starting
10 silly install loadIdealTree
11 silly cloneCurrentTree Starting
12 silly install cloneCurrentTreeToIdealTree
13 silly cloneCurrentTree Finishing
14 silly loadShrinkwrap Starting
15 silly install loadShrinkwrap
16 silly loadShrinkwrap Finishing
17 silly loadAllDepsIntoIdealTree Starting
18 silly install loadAllDepsIntoIdealTree
19 silly fetchNamedPackageData bootstrap
20 silly mapToRegistry name bootstrap
21 silly mapToRegistry using default registry
22 silly mapToRegistry registry https://registry.npmjs.org/
23 silly mapToRegistry uri https://registry.npmjs.org/bootstrap
24 verbose request uri https://registry.npmjs.org/bootstrap
25 verbose request no auth needed
26 info attempt registry request try #1 at 8:15:07 PM
27 verbose request id 8211f2cd2f5ce9d0
28 http request GET https://registry.npmjs.org/bootstrap
29 http 200 https://registry.npmjs.org/bootstrap
30 verbose headers { server: 'CouchDB/1.5.0 (Erlang OTP/R16B03)',
30 verbose headers   etag: '"6BTP9K99VZ5V2D6DXTXKI4FYI"',
30 verbose headers   'content-type': 'application/json',
30 verbose headers   'cache-control': 'max-age=60',
30 verbose headers   'content-length': '26154',
30 verbose headers   'accept-ranges': 'bytes',
30 verbose headers   date: 'Fri, 23 Oct 2015 19:15:08 GMT',
30 verbose headers   via: '1.1 varnish',
30 verbose headers   age: '0',
30 verbose headers   connection: 'keep-alive',
30 verbose headers   'x-served-by': 'cache-lhr6335-LHR',
30 verbose headers   'x-cache': 'HIT',
30 verbose headers   'x-cache-hits': '1',
30 verbose headers   'x-timer': 'S1445627708.013353,VS0,VE654',
30 verbose headers   vary: 'Accept' }
31 silly get cb [ 200,
31 silly get   { server: 'CouchDB/1.5.0 (Erlang OTP/R16B03)',
31 silly get     etag: '"6BTP9K99VZ5V2D6DXTXKI4FYI"',
31 silly get     'content-type': 'application/json',
31 silly get     'cache-control': 'max-age=60',
31 silly get     'content-length': '26154',
31 silly get     'accept-ranges': 'bytes',
31 silly get     date: 'Fri, 23 Oct 2015 19:15:08 GMT',
31 silly get     via: '1.1 varnish',
31 silly get     age: '0',
31 silly get     connection: 'keep-alive',
31 silly get     'x-served-by': 'cache-lhr6335-LHR',
31 silly get     'x-cache': 'HIT',
31 silly get     'x-cache-hits': '1',
31 silly get     'x-timer': 'S1445627708.013353,VS0,VE654',
31 silly get     vary: 'Accept' } ]
32 verbose get saving bootstrap to /home/raziel/.npm/registry.npmjs.org/bootstrap/.cache.json
33 silly fetchPackageMetaData Error: No compatible version found: bootstrap@4.0.0
33 silly fetchPackageMetaData Valid install targets:
33 silly fetchPackageMetaData ["3.3.5","3.3.4","3.3.2","3.3.1","3.3.0","3.2.0","3.1.1","0.0.2","0.0.1"]
33 silly fetchPackageMetaData
33 silly fetchPackageMetaData     at pickVersionFromRegistryDocument (/home/raziel/.nvm/versions/node/v4.0.0/lib/node_modules/npm/lib/fetch-package-metadata.js:146:16)
33 silly fetchPackageMetaData     at /home/raziel/.nvm/versions/node/v4.0.0/lib/node_modules/npm/node_modules/iferr/index.js:13:50
33 silly fetchPackageMetaData     at /home/raziel/.nvm/versions/node/v4.0.0/lib/node_modules/npm/lib/utils/pulse-till-done.js:19:8
33 silly fetchPackageMetaData     at saved (/home/raziel/.nvm/versions/node/v4.0.0/lib/node_modules/npm/lib/cache/caching-client.js:168:7)
33 silly fetchPackageMetaData     at /home/raziel/.nvm/versions/node/v4.0.0/lib/node_modules/npm/node_modules/graceful-fs/polyfills.js:210:7
33 silly fetchPackageMetaData     at FSReqWrap.oncomplete (fs.js:82:15)
33 silly fetchPackageMetaData  error for bootstrap@4.0.0 [Error: No compatible version found: bootstrap@4.0.0
33 silly fetchPackageMetaData Valid install targets:
33 silly fetchPackageMetaData ["3.3.5","3.3.4","3.3.2","3.3.1","3.3.0","3.2.0","3.1.1","0.0.2","0.0.1"]
33 silly fetchPackageMetaData ]
34 silly rollbackFailedOptional Starting
35 silly rollbackFailedOptional Finishing
36 silly runTopLevelLifecycles Starting
37 silly runTopLevelLifecycles Finishing
38 silly install printInstalled
39 verbose stack Error: No compatible version found: bootstrap@4.0.0
39 verbose stack Valid install targets:
39 verbose stack ["3.3.5","3.3.4","3.3.2","3.3.1","3.3.0","3.2.0","3.1.1","0.0.2","0.0.1"]
39 verbose stack
39 verbose stack     at pickVersionFromRegistryDocument (/home/raziel/.nvm/versions/node/v4.0.0/lib/node_modules/npm/lib/fetch-package-metadata.js:146:16)
39 verbose stack     at /home/raziel/.nvm/versions/node/v4.0.0/lib/node_modules/npm/node_modules/iferr/index.js:13:50
39 verbose stack     at /home/raziel/.nvm/versions/node/v4.0.0/lib/node_modules/npm/lib/utils/pulse-till-done.js:19:8
39 verbose stack     at saved (/home/raziel/.nvm/versions/node/v4.0.0/lib/node_modules/npm/lib/cache/caching-client.js:168:7)
39 verbose stack     at /home/raziel/.nvm/versions/node/v4.0.0/lib/node_modules/npm/node_modules/graceful-fs/polyfills.js:210:7
39 verbose stack     at FSReqWrap.oncomplete (fs.js:82:15)
40 verbose cwd /home/raziel/MyProjects/whisper/lib
41 error Linux 3.19.0-28-generic
42 error argv "/home/raziel/.nvm/versions/node/v4.0.0/bin/node" "/home/raziel/.nvm/versions/node/v4.0.0/bin/npm" "install"
43 error node v4.0.0
44 error npm  v3.3.8
45 error No compatible version found: bootstrap@4.0.0
45 error Valid install targets:
45 error ["3.3.5","3.3.4","3.3.2","3.3.1","3.3.0","3.2.0","3.1.1","0.0.2","0.0.1"]
46 error If you need help, you may report this error at:
46 error     <https://github.com/npm/npm/issues>
47 verbose exit [ 1, true ]
